0 info it worked if it ends with ok
1 verbose cli [ 'd:\\Program Files\\nodejs\\node.exe',
1 verbose cli   'd:\\Program Files\\nodejs\\node_modules\\npm\\bin\\npm-cli.js',
1 verbose cli   'install',
1 verbose cli   'ios-sim' ]
2 info using npm@1.3.24
3 info using node@v0.10.25
4 warn package.json Gis2@0.0.0 No description
5 warn package.json Gis2@0.0.0 No repository field.
6 warn package.json Gis2@0.0.0 No README data
7 verbose readDependencies using package.json deps
8 verbose cache add [ 'ios-sim', null ]
9 verbose cache add name=undefined spec="ios-sim" args=["ios-sim",null]
10 verbose parsed url { protocol: null,
10 verbose parsed url   slashes: null,
10 verbose parsed url   auth: null,
10 verbose parsed url   host: null,
10 verbose parsed url   port: null,
10 verbose parsed url   hostname: null,
10 verbose parsed url   hash: null,
10 verbose parsed url   search: null,
10 verbose parsed url   query: null,
10 verbose parsed url   pathname: 'ios-sim',
10 verbose parsed url   path: 'ios-sim',
10 verbose parsed url   href: 'ios-sim' }
11 silly lockFile 6af69284-ios-sim ios-sim
12 verbose lock ios-sim C:\Users\Muly\AppData\Roaming\npm-cache\6af69284-ios-sim.lock
13 silly lockFile 6af69284-ios-sim ios-sim
14 silly lockFile 6af69284-ios-sim ios-sim
15 verbose addNamed [ 'ios-sim', '' ]
16 verbose addNamed [ null, '*' ]
17 silly lockFile 03dce7cc-ios-sim ios-sim@
18 verbose lock ios-sim@ C:\Users\Muly\AppData\Roaming\npm-cache\03dce7cc-ios-sim.lock
19 silly addNameRange { name: 'ios-sim', range: '*', hasData: false }
20 verbose url raw ios-sim
21 verbose url resolving [ 'https://registry.npmjs.org/', './ios-sim' ]
22 verbose url resolved https://registry.npmjs.org/ios-sim
23 info trying registry request attempt 1 at 21:25:28
24 http GET https://registry.npmjs.org/ios-sim
25 http 200 https://registry.npmjs.org/ios-sim
26 silly registry.get cb [ 200,
26 silly registry.get   { date: 'Wed, 28 May 2014 18:26:30 GMT',
26 silly registry.get     server: 'CouchDB/1.5.0 (Erlang OTP/R14B04)',
26 silly registry.get     etag: '"DZ5AX9C5C285CHZZ9YQ083PI3"',
26 silly registry.get     'content-type': 'application/json',
26 silly registry.get     via: '1.1 varnish',
26 silly registry.get     'cache-control': 'max-age=1',
26 silly registry.get     'content-length': '6518',
26 silly registry.get     'accept-ranges': 'bytes',
26 silly registry.get     age: '1273',
26 silly registry.get     'x-served-by': 'cache-v41-ASH, cache-fra1220-FRA',
26 silly registry.get     'x-cache': 'HIT, MISS',
26 silly registry.get     'x-cache-hits': '1, 0',
26 silly registry.get     'x-timer': 'S1401301589.911268,VS0,VE166',
26 silly registry.get     vary: 'Accept',
26 silly registry.get     'keep-alive': 'timeout=10, max=50',
26 silly registry.get     connection: 'Keep-Alive' } ]
27 silly addNameRange number 2 { name: 'ios-sim', range: '*', hasData: true }
28 silly addNameRange versions [ 'ios-sim', [ '1.8.0', '1.8.1', '1.8.2', '1.9.0' ] ]
29 verbose addNamed [ 'ios-sim', '1.9.0' ]
30 verbose addNamed [ '1.9.0', '1.9.0' ]
31 silly lockFile 08b821e4-ios-sim-1-9-0 ios-sim@1.9.0
32 verbose lock ios-sim@1.9.0 C:\Users\Muly\AppData\Roaming\npm-cache\08b821e4-ios-sim-1-9-0.lock
33 silly lockFile ed580e00-js-org-ios-sim-ios-sim-1-9-0-tgz https://registry.npmjs.org/ios-sim/-/ios-sim-1.9.0.tgz
34 verbose lock https://registry.npmjs.org/ios-sim/-/ios-sim-1.9.0.tgz C:\Users\Muly\AppData\Roaming\npm-cache\ed580e00-js-org-ios-sim-ios-sim-1-9-0-tgz.lock
35 verbose addRemoteTarball [ 'https://registry.npmjs.org/ios-sim/-/ios-sim-1.9.0.tgz',
35 verbose addRemoteTarball   'bedbc80a175960fdb0b5a95c370c81f2ffcb4ca4' ]
36 info retry fetch attempt 1 at 21:25:28
37 verbose fetch to= C:\Users\Muly\AppData\Local\Temp\npm-1200-raN5vLcw\1401301528673-0.09405649290420115\tmp.tgz
38 http GET https://registry.npmjs.org/ios-sim/-/ios-sim-1.9.0.tgz
39 http 200 https://registry.npmjs.org/ios-sim/-/ios-sim-1.9.0.tgz
40 verbose tar unpack C:\Users\Muly\AppData\Local\Temp\npm-1200-raN5vLcw\1401301528673-0.09405649290420115\tmp.tgz
41 silly lockFile 3eff35e0-8673-0-09405649290420115-package tar://C:\Users\Muly\AppData\Local\Temp\npm-1200-raN5vLcw\1401301528673-0.09405649290420115\package
42 verbose lock tar://C:\Users\Muly\AppData\Local\Temp\npm-1200-raN5vLcw\1401301528673-0.09405649290420115\package C:\Users\Muly\AppData\Roaming\npm-cache\3eff35e0-8673-0-09405649290420115-package.lock
43 silly lockFile 57ffa483-8673-0-09405649290420115-tmp-tgz tar://C:\Users\Muly\AppData\Local\Temp\npm-1200-raN5vLcw\1401301528673-0.09405649290420115\tmp.tgz
44 verbose lock tar://C:\Users\Muly\AppData\Local\Temp\npm-1200-raN5vLcw\1401301528673-0.09405649290420115\tmp.tgz C:\Users\Muly\AppData\Roaming\npm-cache\57ffa483-8673-0-09405649290420115-tmp-tgz.lock
45 silly gunzTarPerm modes [ '755', '644' ]
46 silly gunzTarPerm extractEntry package.json
47 silly gunzTarPerm extractEntry .npmignore
48 silly gunzTarPerm extractEntry README.md
49 silly gunzTarPerm extractEntry LICENSE
50 silly gunzTarPerm extractEntry DVTiPhoneSimulatorRemoteClient/DVTiPhoneSimulatorRemoteClient.h
51 silly gunzTarPerm extractEntry README.template.md
52 silly gunzTarPerm extractEntry Rakefile
53 silly gunzTarPerm extractEntry Source/.npmignore
54 silly gunzTarPerm extractEntry Source/NSString+expandPath.h
55 silly gunzTarPerm extractEntry Source/NSString+expandPath.m
56 silly gunzTarPerm extractEntry Source/iPhoneSimulator.h
57 silly gunzTarPerm extractEntry Source/iPhoneSimulator.m
58 silly gunzTarPerm extractEntry Source/main.m
59 silly gunzTarPerm extractEntry Source/nsprintf.h
60 silly gunzTarPerm extractEntry Source/nsprintf.m
61 silly gunzTarPerm extractEntry Source/version.h
62 silly gunzTarPerm extractEntry ios-sim.xcodeproj/.npmignore
63 silly gunzTarPerm extractEntry ios-sim.xcodeproj/project.pbxproj
64 silly gunzTarPerm extractEntry ios-sim.xcodeproj/xcshareddata/xcschemes/ios-sim.xcscheme
65 silly gunzTarPerm extractEntry ios-sim_Prefix.pch
66 silly lockFile 3eff35e0-8673-0-09405649290420115-package tar://C:\Users\Muly\AppData\Local\Temp\npm-1200-raN5vLcw\1401301528673-0.09405649290420115\package
67 silly lockFile 3eff35e0-8673-0-09405649290420115-package tar://C:\Users\Muly\AppData\Local\Temp\npm-1200-raN5vLcw\1401301528673-0.09405649290420115\package
68 silly lockFile 57ffa483-8673-0-09405649290420115-tmp-tgz tar://C:\Users\Muly\AppData\Local\Temp\npm-1200-raN5vLcw\1401301528673-0.09405649290420115\tmp.tgz
69 silly lockFile 57ffa483-8673-0-09405649290420115-tmp-tgz tar://C:\Users\Muly\AppData\Local\Temp\npm-1200-raN5vLcw\1401301528673-0.09405649290420115\tmp.tgz
70 verbose tar pack [ 'C:\\Users\\Muly\\AppData\\Roaming\\npm-cache\\ios-sim\\1.9.0\\package.tgz',
70 verbose tar pack   'C:\\Users\\Muly\\AppData\\Local\\Temp\\npm-1200-raN5vLcw\\1401301528673-0.09405649290420115\\package' ]
71 verbose tarball C:\Users\Muly\AppData\Roaming\npm-cache\ios-sim\1.9.0\package.tgz
72 verbose folder C:\Users\Muly\AppData\Local\Temp\npm-1200-raN5vLcw\1401301528673-0.09405649290420115\package
73 silly lockFile 3eff35e0-8673-0-09405649290420115-package tar://C:\Users\Muly\AppData\Local\Temp\npm-1200-raN5vLcw\1401301528673-0.09405649290420115\package
74 verbose lock tar://C:\Users\Muly\AppData\Local\Temp\npm-1200-raN5vLcw\1401301528673-0.09405649290420115\package C:\Users\Muly\AppData\Roaming\npm-cache\3eff35e0-8673-0-09405649290420115-package.lock
75 silly lockFile 747322a1--cache-ios-sim-1-9-0-package-tgz tar://C:\Users\Muly\AppData\Roaming\npm-cache\ios-sim\1.9.0\package.tgz
76 verbose lock tar://C:\Users\Muly\AppData\Roaming\npm-cache\ios-sim\1.9.0\package.tgz C:\Users\Muly\AppData\Roaming\npm-cache\747322a1--cache-ios-sim-1-9-0-package-tgz.lock
77 silly lockFile 3eff35e0-8673-0-09405649290420115-package tar://C:\Users\Muly\AppData\Local\Temp\npm-1200-raN5vLcw\1401301528673-0.09405649290420115\package
78 silly lockFile 3eff35e0-8673-0-09405649290420115-package tar://C:\Users\Muly\AppData\Local\Temp\npm-1200-raN5vLcw\1401301528673-0.09405649290420115\package
79 silly lockFile 747322a1--cache-ios-sim-1-9-0-package-tgz tar://C:\Users\Muly\AppData\Roaming\npm-cache\ios-sim\1.9.0\package.tgz
80 silly lockFile 747322a1--cache-ios-sim-1-9-0-package-tgz tar://C:\Users\Muly\AppData\Roaming\npm-cache\ios-sim\1.9.0\package.tgz
81 silly lockFile 00c2b847--npm-cache-ios-sim-1-9-0-package C:\Users\Muly\AppData\Roaming\npm-cache\ios-sim\1.9.0\package
82 verbose lock C:\Users\Muly\AppData\Roaming\npm-cache\ios-sim\1.9.0\package C:\Users\Muly\AppData\Roaming\npm-cache\00c2b847--npm-cache-ios-sim-1-9-0-package.lock
83 silly lockFile 00c2b847--npm-cache-ios-sim-1-9-0-package C:\Users\Muly\AppData\Roaming\npm-cache\ios-sim\1.9.0\package
84 silly lockFile 00c2b847--npm-cache-ios-sim-1-9-0-package C:\Users\Muly\AppData\Roaming\npm-cache\ios-sim\1.9.0\package
85 verbose tar unpack C:\Users\Muly\AppData\Roaming\npm-cache\ios-sim\1.9.0\package.tgz
86 silly lockFile 721e10f6--npm-cache-ios-sim-1-9-0-package tar://C:\Users\Muly\AppData\Roaming\npm-cache\ios-sim\1.9.0\package
87 verbose lock tar://C:\Users\Muly\AppData\Roaming\npm-cache\ios-sim\1.9.0\package C:\Users\Muly\AppData\Roaming\npm-cache\721e10f6--npm-cache-ios-sim-1-9-0-package.lock
88 silly lockFile 747322a1--cache-ios-sim-1-9-0-package-tgz tar://C:\Users\Muly\AppData\Roaming\npm-cache\ios-sim\1.9.0\package.tgz
89 verbose lock tar://C:\Users\Muly\AppData\Roaming\npm-cache\ios-sim\1.9.0\package.tgz C:\Users\Muly\AppData\Roaming\npm-cache\747322a1--cache-ios-sim-1-9-0-package-tgz.lock
90 silly gunzTarPerm modes [ '755', '644' ]
91 silly gunzTarPerm extractEntry package.json
92 silly gunzTarPerm modified mode [ 'package.json', 438, 420 ]
93 silly gunzTarPerm extractEntry .npmignore
94 silly gunzTarPerm modified mode [ '.npmignore', 438, 420 ]
95 silly gunzTarPerm extractEntry README.md
96 silly gunzTarPerm modified mode [ 'README.md', 438, 420 ]
97 silly gunzTarPerm extractEntry LICENSE
98 silly gunzTarPerm modified mode [ 'LICENSE', 438, 420 ]
99 silly gunzTarPerm extractEntry DVTiPhoneSimulatorRemoteClient/DVTiPhoneSimulatorRemoteClient.h
100 silly gunzTarPerm modified mode [ 'DVTiPhoneSimulatorRemoteClient/DVTiPhoneSimulatorRemoteClient.h',
100 silly gunzTarPerm   438,
100 silly gunzTarPerm   420 ]
101 silly gunzTarPerm extractEntry ios-sim.xcodeproj/.npmignore
102 silly gunzTarPerm modified mode [ 'ios-sim.xcodeproj/.npmignore', 438, 420 ]
103 silly gunzTarPerm extractEntry ios-sim.xcodeproj/project.pbxproj
104 silly gunzTarPerm modified mode [ 'ios-sim.xcodeproj/project.pbxproj', 438, 420 ]
105 silly gunzTarPerm extractEntry ios-sim.xcodeproj/xcshareddata/xcschemes/ios-sim.xcscheme
106 silly gunzTarPerm modified mode [ 'ios-sim.xcodeproj/xcshareddata/xcschemes/ios-sim.xcscheme',
106 silly gunzTarPerm   438,
106 silly gunzTarPerm   420 ]
107 silly gunzTarPerm extractEntry ios-sim_Prefix.pch
108 silly gunzTarPerm modified mode [ 'ios-sim_Prefix.pch', 438, 420 ]
109 silly gunzTarPerm extractEntry Rakefile
110 silly gunzTarPerm modified mode [ 'Rakefile', 438, 420 ]
111 silly gunzTarPerm extractEntry README.template.md
112 silly gunzTarPerm modified mode [ 'README.template.md', 438, 420 ]
113 silly gunzTarPerm extractEntry Source/.npmignore
114 silly gunzTarPerm modified mode [ 'Source/.npmignore', 438, 420 ]
115 silly gunzTarPerm extractEntry Source/iPhoneSimulator.h
116 silly gunzTarPerm modified mode [ 'Source/iPhoneSimulator.h', 438, 420 ]
117 silly gunzTarPerm extractEntry Source/iPhoneSimulator.m
118 silly gunzTarPerm modified mode [ 'Source/iPhoneSimulator.m', 438, 420 ]
119 silly gunzTarPerm extractEntry Source/main.m
120 silly gunzTarPerm modified mode [ 'Source/main.m', 438, 420 ]
121 silly gunzTarPerm extractEntry Source/nsprintf.h
122 silly gunzTarPerm modified mode [ 'Source/nsprintf.h', 438, 420 ]
123 silly gunzTarPerm extractEntry Source/nsprintf.m
124 silly gunzTarPerm modified mode [ 'Source/nsprintf.m', 438, 420 ]
125 silly gunzTarPerm extractEntry Source/NSString+expandPath.h
126 silly gunzTarPerm modified mode [ 'Source/NSString+expandPath.h', 438, 420 ]
127 silly gunzTarPerm extractEntry Source/NSString+expandPath.m
128 silly gunzTarPerm modified mode [ 'Source/NSString+expandPath.m', 438, 420 ]
129 silly gunzTarPerm extractEntry Source/version.h
130 silly gunzTarPerm modified mode [ 'Source/version.h', 438, 420 ]
131 silly lockFile 721e10f6--npm-cache-ios-sim-1-9-0-package tar://C:\Users\Muly\AppData\Roaming\npm-cache\ios-sim\1.9.0\package
132 silly lockFile 721e10f6--npm-cache-ios-sim-1-9-0-package tar://C:\Users\Muly\AppData\Roaming\npm-cache\ios-sim\1.9.0\package
133 silly lockFile 747322a1--cache-ios-sim-1-9-0-package-tgz tar://C:\Users\Muly\AppData\Roaming\npm-cache\ios-sim\1.9.0\package.tgz
134 silly lockFile 747322a1--cache-ios-sim-1-9-0-package-tgz tar://C:\Users\Muly\AppData\Roaming\npm-cache\ios-sim\1.9.0\package.tgz
135 verbose chmod C:\Users\Muly\AppData\Roaming\npm-cache\ios-sim\1.9.0\package.tgz 644
136 silly chown skipping for windows C:\Users\Muly\AppData\Roaming\npm-cache\ios-sim\1.9.0\package.tgz
137 silly lockFile ed580e00-js-org-ios-sim-ios-sim-1-9-0-tgz https://registry.npmjs.org/ios-sim/-/ios-sim-1.9.0.tgz
138 silly lockFile ed580e00-js-org-ios-sim-ios-sim-1-9-0-tgz https://registry.npmjs.org/ios-sim/-/ios-sim-1.9.0.tgz
139 silly lockFile 08b821e4-ios-sim-1-9-0 ios-sim@1.9.0
140 silly lockFile 08b821e4-ios-sim-1-9-0 ios-sim@1.9.0
141 silly lockFile 03dce7cc-ios-sim ios-sim@
142 silly lockFile 03dce7cc-ios-sim ios-sim@
143 silly resolved [ { name: 'ios-sim',
143 silly resolved     version: '1.9.0',
143 silly resolved     description: 'launch iOS apps into the iOS Simulator from the command line (Xcode 5.1)',
143 silly resolved     main: 'ios-sim',
143 silly resolved     scripts: { preinstall: 'rake build' },
143 silly resolved     bin: { 'ios-sim': 'build/Release/ios-sim' },
143 silly resolved     repository: { type: 'git', url: 'https://github.com/phonegap/ios-sim' },
143 silly resolved     keywords: [ 'ios-sim', 'iOS Simulator' ],
143 silly resolved     author: { name: 'Landon Fuller, Jeff Haynie, Eloy Duran, Shazron Abdullah' },
143 silly resolved     license: 'MIT',
143 silly resolved     readme: 'ios-sim\n=======\n\nThe ios-sim tool is a command-line utility that launches an iOS application on\nthe iOS Simulator. This allows for niceties such as automated testing without\nhaving to open XCode.\n\nFeatures\n--------\n\n* Choose the device family to simulate, i.e. iPhone or iPad.\n* Setup environment variables.\n* Pass arguments to the application.\n* See the stdout and stderr, or redirect them to files.\n\nSee the `--help` option for more info.\n\nInstallation\n------------\n\nWith node.js (at least 0.10.20):\n\n    $ sudo npm install ios-sim -g\n\nDownload an archive:\n\n    $ curl -L https://github.com/phonegap/ios-sim/zipball/1.8.2 -o ios-sim-1.8.2.zip\n    $ unzip ios-sim-1.8.2.zip\n\nOr from a git clone:\n\n    $ git clone git://github.com/phonegap/ios-sim.git\n\nThen build and install from the source root:\n\n    $ rake install prefix=/usr/local/\n\n\nDevelopment\n-----------\n\nWhen you want to release a version, do:\n\n    $ rake version:bump v=NEW_VERSION\n    $ rake release\n    $ npm version NEW_VERSION -m "Updated to npm version %s"\n    \ntmux\n-----\n\nTo get ios-sim to launch correctly within tmux use the reattach-to-user-namespace wrapper.\n\n```\nreattach-to-user-namespace ios-sim launch ./build/MyTestApp.app\n```\n*source:* https://github.com/ChrisJohnsen/tmux-MacOSX-pasteboard\n\n*brew:*  ```brew install reattach-to-user-namespace```\n\nLicense\n-------\n\nOriginal author: Landon Fuller <landonf@plausiblelabs.com>\nCopyright (c) 2008-2011 Plausible Labs Cooperative, Inc.\nAll rights reserved.\n\nThis project is available under the MIT license. See [LICENSE][license].\n\n[license]: https://github.com/phonegap/ios-sim/blob/master/LICENSE\n',
143 silly resolved     readmeFilename: 'README.md',
143 silly resolved     bugs: { url: 'https://github.com/phonegap/ios-sim/issues' },
143 silly resolved     homepage: 'https://github.com/phonegap/ios-sim',
143 silly resolved     _id: 'ios-sim@1.9.0',
143 silly resolved     dist: { shasum: '29a7e2c2991878665621bd21079f04ab5cfc9501' },
143 silly resolved     _from: 'ios-sim@',
143 silly resolved     _resolved: 'https://registry.npmjs.org/ios-sim/-/ios-sim-1.9.0.tgz' } ]
144 info install ios-sim@1.9.0 into d:\js\gis2
145 info installOne ios-sim@1.9.0
146 info d:\js\gis2\node_modules\ios-sim unbuild
147 verbose tar unpack C:\Users\Muly\AppData\Roaming\npm-cache\ios-sim\1.9.0\package.tgz
148 silly lockFile 1dbb6de9-r-d-js-gis2-node-modules-ios-sim tar://d:\js\gis2\node_modules\ios-sim
149 verbose lock tar://d:\js\gis2\node_modules\ios-sim C:\Users\Muly\AppData\Roaming\npm-cache\1dbb6de9-r-d-js-gis2-node-modules-ios-sim.lock
150 silly lockFile 747322a1--cache-ios-sim-1-9-0-package-tgz tar://C:\Users\Muly\AppData\Roaming\npm-cache\ios-sim\1.9.0\package.tgz
151 verbose lock tar://C:\Users\Muly\AppData\Roaming\npm-cache\ios-sim\1.9.0\package.tgz C:\Users\Muly\AppData\Roaming\npm-cache\747322a1--cache-ios-sim-1-9-0-package-tgz.lock
152 silly gunzTarPerm modes [ '755', '644' ]
153 silly gunzTarPerm extractEntry package.json
154 silly gunzTarPerm modified mode [ 'package.json', 438, 420 ]
155 silly gunzTarPerm extractEntry .npmignore
156 silly gunzTarPerm modified mode [ '.npmignore', 438, 420 ]
157 silly gunzTarPerm extractEntry README.md
158 silly gunzTarPerm modified mode [ 'README.md', 438, 420 ]
159 silly gunzTarPerm extractEntry LICENSE
160 silly gunzTarPerm modified mode [ 'LICENSE', 438, 420 ]
161 silly gunzTarPerm extractEntry DVTiPhoneSimulatorRemoteClient/DVTiPhoneSimulatorRemoteClient.h
162 silly gunzTarPerm modified mode [ 'DVTiPhoneSimulatorRemoteClient/DVTiPhoneSimulatorRemoteClient.h',
162 silly gunzTarPerm   438,
162 silly gunzTarPerm   420 ]
163 silly gunzTarPerm extractEntry ios-sim.xcodeproj/.npmignore
164 silly gunzTarPerm modified mode [ 'ios-sim.xcodeproj/.npmignore', 438, 420 ]
165 silly gunzTarPerm extractEntry ios-sim.xcodeproj/project.pbxproj
166 silly gunzTarPerm modified mode [ 'ios-sim.xcodeproj/project.pbxproj', 438, 420 ]
167 silly gunzTarPerm extractEntry ios-sim.xcodeproj/xcshareddata/xcschemes/ios-sim.xcscheme
168 silly gunzTarPerm modified mode [ 'ios-sim.xcodeproj/xcshareddata/xcschemes/ios-sim.xcscheme',
168 silly gunzTarPerm   438,
168 silly gunzTarPerm   420 ]
169 silly gunzTarPerm extractEntry ios-sim_Prefix.pch
170 silly gunzTarPerm modified mode [ 'ios-sim_Prefix.pch', 438, 420 ]
171 silly gunzTarPerm extractEntry Rakefile
172 silly gunzTarPerm modified mode [ 'Rakefile', 438, 420 ]
173 silly gunzTarPerm extractEntry README.template.md
174 silly gunzTarPerm modified mode [ 'README.template.md', 438, 420 ]
175 silly gunzTarPerm extractEntry Source/.npmignore
176 silly gunzTarPerm modified mode [ 'Source/.npmignore', 438, 420 ]
177 silly gunzTarPerm extractEntry Source/iPhoneSimulator.h
178 silly gunzTarPerm modified mode [ 'Source/iPhoneSimulator.h', 438, 420 ]
179 silly gunzTarPerm extractEntry Source/iPhoneSimulator.m
180 silly gunzTarPerm modified mode [ 'Source/iPhoneSimulator.m', 438, 420 ]
181 silly gunzTarPerm extractEntry Source/main.m
182 silly gunzTarPerm modified mode [ 'Source/main.m', 438, 420 ]
183 silly gunzTarPerm extractEntry Source/nsprintf.h
184 silly gunzTarPerm modified mode [ 'Source/nsprintf.h', 438, 420 ]
185 silly gunzTarPerm extractEntry Source/nsprintf.m
186 silly gunzTarPerm modified mode [ 'Source/nsprintf.m', 438, 420 ]
187 silly gunzTarPerm extractEntry Source/NSString+expandPath.h
188 silly gunzTarPerm modified mode [ 'Source/NSString+expandPath.h', 438, 420 ]
189 silly gunzTarPerm extractEntry Source/NSString+expandPath.m
190 silly gunzTarPerm modified mode [ 'Source/NSString+expandPath.m', 438, 420 ]
191 silly gunzTarPerm extractEntry Source/version.h
192 silly gunzTarPerm modified mode [ 'Source/version.h', 438, 420 ]
193 silly lockFile 1dbb6de9-r-d-js-gis2-node-modules-ios-sim tar://d:\js\gis2\node_modules\ios-sim
194 silly lockFile 1dbb6de9-r-d-js-gis2-node-modules-ios-sim tar://d:\js\gis2\node_modules\ios-sim
195 silly lockFile 747322a1--cache-ios-sim-1-9-0-package-tgz tar://C:\Users\Muly\AppData\Roaming\npm-cache\ios-sim\1.9.0\package.tgz
196 silly lockFile 747322a1--cache-ios-sim-1-9-0-package-tgz tar://C:\Users\Muly\AppData\Roaming\npm-cache\ios-sim\1.9.0\package.tgz
197 info preinstall ios-sim@1.9.0
198 verbose unsafe-perm in lifecycle true
199 info ios-sim@1.9.0 Failed to exec preinstall script
200 info d:\js\gis2\node_modules\ios-sim unbuild
201 info preuninstall ios-sim@1.9.0
202 info uninstall ios-sim@1.9.0
203 verbose true,d:\js\gis2\node_modules,d:\js\gis2\node_modules unbuild ios-sim@1.9.0
204 verbose d:\js\gis2\node_modules\.bin,[object Object] binRoot
205 info postuninstall ios-sim@1.9.0
206 error ios-sim@1.9.0 preinstall: `rake build`
206 error Exit status 1
207 error Failed at the ios-sim@1.9.0 preinstall script.
207 error This is most likely a problem with the ios-sim package,
207 error not with npm itself.
207 error Tell the author that this fails on your system:
207 error     rake build
207 error You can get their info via:
207 error     npm owner ls ios-sim
207 error There is likely additional logging output above.
208 error System Windows_NT 6.1.7601
209 error command "d:\\Program Files\\nodejs\\node.exe" "d:\\Program Files\\nodejs\\node_modules\\npm\\bin\\npm-cli.js" "install" "ios-sim"
210 error cwd d:\js\gis2
211 error node -v v0.10.25
212 error npm -v 1.3.24
213 error code ELIFECYCLE
214 verbose exit [ 1, true ]
